<?xml version="1.0" encoding="UTF-8"?>
<testsuite xmlns:xsi="http://www.w3.org/2001/XMLSchema-instance" xsi:noNamespaceSchemaLocation="https://maven.apache.org/surefire/maven-surefire-plugin/xsd/surefire-test-report.xsd" name="GarageApplicationTests" time="0.618" tests="5" errors="5" skipped="0" failures="0">
  <properties>
[...]
</properties>
  <testcase name="LeavePark" classname="GarageApplicationTests" time="0.359">
    <error type="java.lang.NullPointerException">java.lang.NullPointerException
	at GarageApplicationTests.parkVehicle(GarageApplicationTests.java:69)
	at GarageApplicationTests.LeavePark(GarageApplicationTests.java:119)
</error>
  </testcase>
  <testcase name="testStatusPark" classname="GarageApplicationTests" time="0">
    <error type="java.lang.NullPointerException">java.lang.NullPointerException
	at GarageApplicationTests.testStatusPark(GarageApplicationTests.java:106)
</error>
  </testcase>
  <testcase name="parkVehicleWithJEEP" classname="GarageApplicationTests" time="0">
    <error type="java.lang.NullPointerException">java.lang.NullPointerException
	at GarageApplicationTests.parkVehicle(GarageApplicationTests.java:69)
	at GarageApplicationTests.parkVehicleWithJEEP(GarageApplicationTests.java:51)
</error>
  </testcase>
  <testcase name="parkVehicleWithTRUCK" classname="GarageApplicationTests" time="0.001">
    <error type="java.lang.NullPointerException">java.lang.NullPointerException
	at GarageApplicationTests.parkVehicle(GarageApplicationTests.java:69)
	at GarageApplicationTests.parkVehicleWithTRUCK(GarageApplicationTests.java:56)
</error>
  </testcase>
  <testcase name="parkVehicleWithCar" classname="GarageApplicationTests" time="0.001">
    <error type="java.lang.NullPointerException">java.lang.NullPointerException
	at GarageApplicationTests.parkVehicle(GarageApplicationTests.java:69)
	at GarageApplicationTests.parkVehicleWithCar(GarageApplicationTests.java:46)
</error>
  </testcase>
</testsuite>